{"D:\\Khanh\\Testing Software\\asignment2\\shopcart_software_testing\\frontend\\src\\utils\\cartValidation.ts": {"path":"D:\\Khanh\\Testing Software\\asignment2\\shopcart_software_testing\\frontend\\src\\utils\\cartValidation.ts","all":false,"statementMap":{"6":{"start":{"line":7,"column":0},"end":{"line":7,"column":75}},"7":{"start":{"line":8,"column":0},"end":{"line":8,"column":64}},"8":{"start":{"line":9,"column":0},"end":{"line":9,"column":41}},"9":{"start":{"line":10,"column":0},"end":{"line":10,"column":5}},"11":{"start":{"line":12,"column":0},"end":{"line":12,"column":37}},"12":{"start":{"line":13,"column":0},"end":{"line":13,"column":44}},"13":{"start":{"line":14,"column":0},"end":{"line":14,"column":5}},"15":{"start":{"line":16,"column":0},"end":{"line":16,"column":16}},"16":{"start":{"line":17,"column":0},"end":{"line":17,"column":1}}},"s":{"6":1,"7":13,"8":8,"9":8,"11":13,"12":1,"13":1,"15":4,"16":4},"branchMap":{"0":{"type":"branch","line":7,"loc":{"start":{"line":7,"column":7},"end":{"line":17,"column":1}},"locations":[{"start":{"line":7,"column":7},"end":{"line":17,"column":1}}]},"1":{"type":"branch","line":8,"loc":{"start":{"line":8,"column":38},"end":{"line":8,"column":63}},"locations":[{"start":{"line":8,"column":38},"end":{"line":8,"column":63}}]},"2":{"type":"branch","line":8,"loc":{"start":{"line":8,"column":63},"end":{"line":12,"column":36}},"locations":[{"start":{"line":8,"column":63},"end":{"line":12,"column":36}}]},"3":{"type":"branch","line":8,"loc":{"start":{"line":8,"column":63},"end":{"line":10,"column":5}},"locations":[{"start":{"line":8,"column":63},"end":{"line":10,"column":5}}]},"4":{"type":"branch","line":10,"loc":{"start":{"line":10,"column":4},"end":{"line":12,"column":36}},"locations":[{"start":{"line":10,"column":4},"end":{"line":12,"column":36}}]},"5":{"type":"branch","line":12,"loc":{"start":{"line":12,"column":36},"end":{"line":17,"column":1}},"locations":[{"start":{"line":12,"column":36},"end":{"line":17,"column":1}}]},"6":{"type":"branch","line":12,"loc":{"start":{"line":12,"column":36},"end":{"line":14,"column":5}},"locations":[{"start":{"line":12,"column":36},"end":{"line":14,"column":5}}]},"7":{"type":"branch","line":14,"loc":{"start":{"line":14,"column":4},"end":{"line":17,"column":1}},"locations":[{"start":{"line":14,"column":4},"end":{"line":17,"column":1}}]}},"b":{"0":[13],"1":[9],"2":[12],"3":[8],"4":[5],"5":[5],"6":[1],"7":[4]},"fnMap":{"0":{"name":"validateCartItem","decl":{"start":{"line":7,"column":7},"end":{"line":17,"column":1}},"loc":{"start":{"line":7,"column":7},"end":{"line":17,"column":1}},"line":7}},"f":{"0":13}}
,"D:\\Khanh\\Testing Software\\asignment2\\shopcart_software_testing\\frontend\\src\\utils\\priceCalculation.ts": {"path":"D:\\Khanh\\Testing Software\\asignment2\\shopcart_software_testing\\frontend\\src\\utils\\priceCalculation.ts","all":false,"statementMap":{"2":{"start":{"line":3,"column":0},"end":{"line":3,"column":49}},"3":{"start":{"line":4,"column":0},"end":{"line":4,"column":13}},"4":{"start":{"line":5,"column":0},"end":{"line":5,"column":15}},"5":{"start":{"line":6,"column":0},"end":{"line":6,"column":15}},"6":{"start":{"line":7,"column":0},"end":{"line":7,"column":15}},"7":{"start":{"line":8,"column":0},"end":{"line":8,"column":2}},"9":{"start":{"line":10,"column":0},"end":{"line":10,"column":57}},"10":{"start":{"line":11,"column":0},"end":{"line":11,"column":55}},"11":{"start":{"line":12,"column":0},"end":{"line":12,"column":22}},"12":{"start":{"line":13,"column":0},"end":{"line":13,"column":17}},"13":{"start":{"line":14,"column":0},"end":{"line":14,"column":5}},"15":{"start":{"line":16,"column":0},"end":{"line":16,"column":64}},"16":{"start":{"line":17,"column":0},"end":{"line":17,"column":17}},"17":{"start":{"line":18,"column":0},"end":{"line":18,"column":17}},"18":{"start":{"line":19,"column":0},"end":{"line":19,"column":5}},"20":{"start":{"line":21,"column":0},"end":{"line":21,"column":36}},"21":{"start":{"line":22,"column":0},"end":{"line":22,"column":50}},"22":{"start":{"line":23,"column":0},"end":{"line":23,"column":17}},"23":{"start":{"line":24,"column":0},"end":{"line":24,"column":5}},"25":{"start":{"line":26,"column":0},"end":{"line":26,"column":45}},"26":{"start":{"line":27,"column":0},"end":{"line":27,"column":1}},"28":{"start":{"line":29,"column":0},"end":{"line":29,"column":63}},"29":{"start":{"line":30,"column":0},"end":{"line":30,"column":80}},"30":{"start":{"line":31,"column":0},"end":{"line":31,"column":1}},"32":{"start":{"line":33,"column":0},"end":{"line":33,"column":36}},"33":{"start":{"line":34,"column":0},"end":{"line":34,"column":22}},"34":{"start":{"line":35,"column":0},"end":{"line":35,"column":42}},"35":{"start":{"line":36,"column":0},"end":{"line":36,"column":24}},"36":{"start":{"line":37,"column":0},"end":{"line":37,"column":11}},"37":{"start":{"line":38,"column":0},"end":{"line":38,"column":47}},"38":{"start":{"line":39,"column":0},"end":{"line":39,"column":68}},"39":{"start":{"line":40,"column":0},"end":{"line":40,"column":90}},"40":{"start":{"line":41,"column":0},"end":{"line":41,"column":86}},"41":{"start":{"line":42,"column":0},"end":{"line":42,"column":78}},"43":{"start":{"line":44,"column":0},"end":{"line":44,"column":64}},"44":{"start":{"line":45,"column":0},"end":{"line":45,"column":1}},"46":{"start":{"line":47,"column":0},"end":{"line":47,"column":132}},"47":{"start":{"line":48,"column":0},"end":{"line":48,"column":34}},"48":{"start":{"line":49,"column":0},"end":{"line":49,"column":89}},"50":{"start":{"line":51,"column":0},"end":{"line":51,"column":87}},"51":{"start":{"line":52,"column":0},"end":{"line":52,"column":7}},"52":{"start":{"line":53,"column":0},"end":{"line":53,"column":1}}},"s":{"2":1,"3":1,"4":1,"5":1,"6":1,"7":1,"9":5,"10":5,"11":5,"12":0,"13":0,"15":5,"16":5,"17":4,"18":4,"20":1,"21":5,"22":0,"23":0,"25":5,"26":5,"28":1,"29":16,"30":16,"32":1,"33":10,"34":10,"35":10,"36":10,"37":10,"38":10,"39":10,"40":10,"41":10,"43":10,"44":10,"46":1,"47":2,"48":3,"50":3,"51":2,"52":2},"branchMap":{"0":{"type":"branch","line":10,"loc":{"start":{"line":10,"column":0},"end":{"line":27,"column":1}},"locations":[{"start":{"line":10,"column":0},"end":{"line":27,"column":1}}]},"1":{"type":"branch","line":12,"loc":{"start":{"line":12,"column":21},"end":{"line":14,"column":5}},"locations":[{"start":{"line":12,"column":21},"end":{"line":14,"column":5}}]},"2":{"type":"branch","line":17,"loc":{"start":{"line":17,"column":16},"end":{"line":19,"column":5}},"locations":[{"start":{"line":17,"column":16},"end":{"line":19,"column":5}}]},"3":{"type":"branch","line":19,"loc":{"start":{"line":19,"column":4},"end":{"line":22,"column":49}},"locations":[{"start":{"line":19,"column":4},"end":{"line":22,"column":49}}]},"4":{"type":"branch","line":22,"loc":{"start":{"line":22,"column":49},"end":{"line":26,"column":38}},"locations":[{"start":{"line":22,"column":49},"end":{"line":26,"column":38}}]},"5":{"type":"branch","line":22,"loc":{"start":{"line":22,"column":49},"end":{"line":24,"column":5}},"locations":[{"start":{"line":22,"column":49},"end":{"line":24,"column":5}}]},"6":{"type":"branch","line":24,"loc":{"start":{"line":24,"column":4},"end":{"line":26,"column":22}},"locations":[{"start":{"line":24,"column":4},"end":{"line":26,"column":22}}]},"7":{"type":"branch","line":26,"loc":{"start":{"line":26,"column":18},"end":{"line":26,"column":38}},"locations":[{"start":{"line":26,"column":18},"end":{"line":26,"column":38}}]},"8":{"type":"branch","line":26,"loc":{"start":{"line":26,"column":31},"end":{"line":26,"column":45}},"locations":[{"start":{"line":26,"column":31},"end":{"line":26,"column":45}}]},"9":{"type":"branch","line":29,"loc":{"start":{"line":29,"column":7},"end":{"line":31,"column":1}},"locations":[{"start":{"line":29,"column":7},"end":{"line":31,"column":1}}]},"10":{"type":"branch","line":30,"loc":{"start":{"line":30,"column":24},"end":{"line":30,"column":77}},"locations":[{"start":{"line":30,"column":24},"end":{"line":30,"column":77}}]},"11":{"type":"branch","line":33,"loc":{"start":{"line":33,"column":7},"end":{"line":45,"column":1}},"locations":[{"start":{"line":33,"column":7},"end":{"line":45,"column":1}}]},"12":{"type":"branch","line":39,"loc":{"start":{"line":39,"column":29},"end":{"line":39,"column":46}},"locations":[{"start":{"line":39,"column":29},"end":{"line":39,"column":46}}]},"13":{"type":"branch","line":39,"loc":{"start":{"line":39,"column":60},"end":{"line":39,"column":68}},"locations":[{"start":{"line":39,"column":60},"end":{"line":39,"column":68}}]},"14":{"type":"branch","line":40,"loc":{"start":{"line":40,"column":28},"end":{"line":40,"column":88}},"locations":[{"start":{"line":40,"column":28},"end":{"line":40,"column":88}}]},"15":{"type":"branch","line":40,"loc":{"start":{"line":40,"column":79},"end":{"line":40,"column":88}},"locations":[{"start":{"line":40,"column":79},"end":{"line":40,"column":88}}]},"16":{"type":"branch","line":40,"loc":{"start":{"line":40,"column":84},"end":{"line":40,"column":90}},"locations":[{"start":{"line":40,"column":84},"end":{"line":40,"column":90}}]},"17":{"type":"branch","line":41,"loc":{"start":{"line":41,"column":26},"end":{"line":41,"column":84}},"locations":[{"start":{"line":41,"column":26},"end":{"line":41,"column":84}}]},"18":{"type":"branch","line":41,"loc":{"start":{"line":41,"column":80},"end":{"line":41,"column":86}},"locations":[{"start":{"line":41,"column":80},"end":{"line":41,"column":86}}]},"19":{"type":"branch","line":47,"loc":{"start":{"line":47,"column":7},"end":{"line":53,"column":1}},"locations":[{"start":{"line":47,"column":7},"end":{"line":53,"column":1}}]},"20":{"type":"branch","line":48,"loc":{"start":{"line":48,"column":23},"end":{"line":52,"column":5}},"locations":[{"start":{"line":48,"column":23},"end":{"line":52,"column":5}}]},"21":{"type":"branch","line":49,"loc":{"start":{"line":49,"column":41},"end":{"line":49,"column":87}},"locations":[{"start":{"line":49,"column":41},"end":{"line":49,"column":87}}]}},"b":{"0":[5],"1":[0],"2":[4],"3":[1],"4":[4],"5":[0],"6":[1],"7":[0],"8":[1],"9":[16],"10":[29],"11":[10],"12":[5],"13":[5],"14":[5],"15":[1],"16":[5],"17":[5],"18":[5],"19":[2],"20":[3],"21":[4]},"fnMap":{"0":{"name":"parseFixedDiscount","decl":{"start":{"line":10,"column":0},"end":{"line":27,"column":1}},"loc":{"start":{"line":10,"column":0},"end":{"line":27,"column":1}},"line":10},"1":{"name":"calculateCartTotal","decl":{"start":{"line":29,"column":7},"end":{"line":31,"column":1}},"loc":{"start":{"line":29,"column":7},"end":{"line":31,"column":1}},"line":29},"2":{"name":"calculateOrderPrice","decl":{"start":{"line":33,"column":7},"end":{"line":45,"column":1}},"loc":{"start":{"line":33,"column":7},"end":{"line":45,"column":1}},"line":33},"3":{"name":"checkInventoryAvailability","decl":{"start":{"line":47,"column":7},"end":{"line":53,"column":1}},"loc":{"start":{"line":47,"column":7},"end":{"line":53,"column":1}},"line":47}},"f":{"0":5,"1":16,"2":10,"3":2}}
}
